--> WvDial: Internet dialer version 1.61
--> Cannot get information for serial port.
--> Initializing modem.
--> Sending: ATZ
ATZ
OK
--> Sending: ATQ0 V1 E1 S0=0 &C1 &D2 +FCLASS=0
ATQ0 V1 E1 S0=0 &C1 &D2 +FCLASS=0
OK
--> Modem initialized.
--> Sending: ATDT*99#
--> Waiting for carrier.
ATDT*99#
CONNECT 2048000
--> Carrier detected.  Starting PPP immediately.
--> Starting pppd at Fri Feb 26 09:07:15 2010
--> Pid of pppd: 1406
--> Using interface ppp0
--> pppd: à²[06][08] ²[06][08]
--> pppd: à²[06][08] ²[06][08]
--> pppd: à²[06][08] ²[06][08]
--> pppd: à²[06][08] ²[06][08]
--> pppd: à²[06][08] ²[06][08]
--> local  IP address 10.140.115.242
--> pppd: à²[06][08] ²[06][08]
--> remote IP address 192.200.1.21
--> pppd: à²[06][08] ²[06][08]
--> primary   DNS address 221.130.33.60
--> pppd: à²[06][08] ²[06][08]
--> secondary DNS address 221.130.33.52
--> pppd: à²[06][08] ²[06][08]
Caught signal 2:  Attempting to exit gracefully...
--> Terminating on signal 15
--> pppd: à²[06][08] ²[06][08]
--> Connect time 8.1 minutes.
--> pppd: à²[06][08] ²[06][08]
--> pppd: à²[06][08] ²[06][08]
--> pppd: à²[06][08] ²[06][08]
--> Disconnecting at Fri Feb 26 09:15:24 2010
